#! c:/iverilog-x64/bin/vvp
:ivl_version "10.1 (stable)" "(v10_1_1)";
:ivl_delay_selection "TYPICAL";
:vpi_time_precision - 12;
:vpi_module "system";
:vpi_module "vhdl_sys";
:vpi_module "v2005_math";
:vpi_module "va_math";
S_000000000430ae00 .scope module, "SAMPLE_TEST_" "SAMPLE_TEST_" 2 3;
 .timescale -9 -12;
v0000000004367850_0 .var "alu_shifter_opcode", 7 0;
v00000000043664f0_0 .var "b_select", 3 0;
v00000000043678f0_0 .net "c_out", 31 0, v00000000042d4f10_0;  1 drivers
v0000000004366130_0 .var "c_select", 8 0;
v0000000004367210_0 .var "clock", 0 0;
v0000000004366db0_0 .net "n", 0 0, v00000000042d50f0_0;  1 drivers
v00000000043677b0_0 .var "reset", 0 0;
v00000000043670d0_0 .net "z", 0 0, v00000000042ee380_0;  1 drivers
E_00000000043078f0 .event negedge, v0000000004365e40_0;
S_00000000042f1dd0 .scope module, "u1" "INSTRUCTION_CONNECTION" 2 14, 3 3 0, S_000000000430ae00;
 .timescale -9 -9;
    .port_info 0 /INPUT 1 "clock"
    .port_info 1 /INPUT 1 "reset"
    .port_info 2 /INPUT 8 "alu_shifter_opcode"
    .port_info 3 /INPUT 9 "c_select"
    .port_info 4 /INPUT 4 "b_select"
    .port_info 5 /OUTPUT 32 "c_out"
    .port_info 6 /OUTPUT 1 "n"
    .port_info 7 /OUTPUT 1 "z"
v00000000043659e0_0 .net "a_data", 31 0, v00000000042ee5a0_0;  1 drivers
v0000000004365f80_0 .net "alu_shifter_opcode", 7 0, v0000000004367850_0;  1 drivers
v0000000004365080_0 .net "b_data", 31 0, v0000000004365da0_0;  1 drivers
v00000000043653a0_0 .net "b_select", 3 0, v00000000043664f0_0;  1 drivers
v00000000043654e0_0 .net "c_out", 31 0, v00000000042d4f10_0;  alias, 1 drivers
v0000000004365440_0 .net "c_select", 8 0, v0000000004366130_0;  1 drivers
v0000000004365620_0 .net "clock", 0 0, v0000000004367210_0;  1 drivers
v00000000043656c0_0 .net "n", 0 0, v00000000042d50f0_0;  alias, 1 drivers
v00000000043675d0_0 .net "reset", 0 0, v00000000043677b0_0;  1 drivers
v0000000004366810_0 .net "z", 0 0, v00000000042ee380_0;  alias, 1 drivers
L_0000000004367170 .part v0000000004367850_0, 0, 6;
L_0000000004367990 .part v0000000004367850_0, 6, 2;
S_00000000042f1f50 .scope module, "f1" "ALU" 3 18, 4 1 0, S_00000000042f1dd0;
 .timescale 0 0;
    .port_info 0 /INPUT 6 "alu_opcode"
    .port_info 1 /INPUT 2 "shifter_opcode"
    .port_info 2 /INPUT 32 "in_a"
    .port_info 3 /INPUT 32 "in_b"
    .port_info 4 /OUTPUT 32 "alu_out"
    .port_info 5 /OUTPUT 1 "n"
    .port_info 6 /OUTPUT 1 "z"
v00000000042f20d0_0 .net "alu_opcode", 5 0, L_0000000004367170;  1 drivers
v00000000042d4f10_0 .var "alu_out", 31 0;
v00000000042d4fb0_0 .net "in_a", 31 0, v00000000042ee5a0_0;  alias, 1 drivers
v00000000042d5050_0 .net "in_b", 31 0, v0000000004365da0_0;  alias, 1 drivers
v00000000042d50f0_0 .var "n", 0 0;
v00000000042d5190_0 .net "shifter_opcode", 1 0, L_0000000004367990;  1 drivers
v00000000042d5230_0 .var "temp_out", 31 0;
v00000000042ee380_0 .var "z", 0 0;
E_0000000004307170/0 .event edge, v00000000042f20d0_0, v00000000042d4fb0_0, v00000000042d5050_0, v00000000042d5230_0;
E_0000000004307170/1 .event edge, v00000000042d5190_0;
E_0000000004307170 .event/or E_0000000004307170/0, E_0000000004307170/1;
S_00000000042ee420 .scope module, "f2" "REGESTERBANK" 3 21, 5 3 0, S_00000000042f1dd0;
 .timescale -9 -9;
    .port_info 0 /INPUT 1 "clock"
    .port_info 1 /INPUT 1 "reset"
    .port_info 2 /INPUT 9 "c_select"
    .port_info 3 /INPUT 4 "b_select_encoded"
    .port_info 4 /INPUT 32 "bus_c_data"
    .port_info 5 /OUTPUT 32 "a_data"
    .port_info 6 /OUTPUT 32 "b_data"
v00000000042ee5a0_0 .var "a_data", 31 0;
v0000000004365da0_0 .var "b_data", 31 0;
v0000000004365760_0 .var "b_select_decoded", 8 0;
v0000000004365120_0 .net "b_select_encoded", 3 0, v00000000043664f0_0;  alias, 1 drivers
v0000000004365d00_0 .net "bus_c_data", 31 0, v00000000042d4f10_0;  alias, 1 drivers
v0000000004365bc0_0 .net "c_select", 8 0, v0000000004366130_0;  alias, 1 drivers
v0000000004365e40_0 .net "clock", 0 0, v0000000004367210_0;  alias, 1 drivers
v00000000043651c0_0 .var "cpp", 31 0;
v0000000004365c60_0 .var "h", 31 0;
v0000000004365800_0 .var "lv", 31 0;
v0000000004365260_0 .var "mar", 31 0;
v00000000043658a0_0 .var "mbr", 31 0;
v0000000004365b20_0 .var "mdr", 31 0;
v0000000004365940_0 .var "opc", 31 0;
v0000000004365ee0_0 .var "pc", 31 0;
v0000000004365580_0 .net "reset", 0 0, v00000000043677b0_0;  alias, 1 drivers
v0000000004365300_0 .var "sp", 31 0;
v0000000004365a80_0 .var "tos", 31 0;
E_0000000004307b30 .event posedge, v0000000004365e40_0;
E_00000000043079f0/0 .event edge, v0000000004365c60_0, v0000000004365760_0, v0000000004365b20_0, v0000000004365ee0_0;
E_00000000043079f0/1 .event edge, v00000000043658a0_0, v0000000004365300_0, v0000000004365800_0, v00000000043651c0_0;
E_00000000043079f0/2 .event edge, v0000000004365a80_0, v0000000004365940_0;
E_00000000043079f0 .event/or E_00000000043079f0/0, E_00000000043079f0/1, E_00000000043079f0/2;
E_00000000043074f0 .event edge, v0000000004365120_0;
    .scope S_00000000042f1f50;
T_0 ;
    %wait E_0000000004307170;
    %load/vec4 v00000000042f20d0_0;
    %dup/vec4;
    %pushi/vec4 24, 0, 6;
    %cmp/u;
    %jmp/1 T_0.0, 6;
    %dup/vec4;
    %pushi/vec4 20, 0, 6;
    %cmp/u;
    %jmp/1 T_0.1, 6;
    %dup/vec4;
    %pushi/vec4 26, 0, 6;
    %cmp/u;
    %jmp/1 T_0.2, 6;
    %dup/vec4;
    %pushi/vec4 44, 0, 6;
    %cmp/u;
    %jmp/1 T_0.3, 6;
    %dup/vec4;
    %pushi/vec4 60, 0, 6;
    %cmp/u;
    %jmp/1 T_0.4, 6;
    %dup/vec4;
    %pushi/vec4 61, 0, 6;
    %cmp/u;
    %jmp/1 T_0.5, 6;
    %dup/vec4;
    %pushi/vec4 57, 0, 6;
    %cmp/u;
    %jmp/1 T_0.6, 6;
    %dup/vec4;
    %pushi/vec4 53, 0, 6;
    %cmp/u;
    %jmp/1 T_0.7, 6;
    %dup/vec4;
    %pushi/vec4 63, 0, 6;
    %cmp/u;
    %jmp/1 T_0.8, 6;
    %dup/vec4;
    %pushi/vec4 54, 0, 6;
    %cmp/u;
    %jmp/1 T_0.9, 6;
    %dup/vec4;
    %pushi/vec4 59, 0, 6;
    %cmp/u;
    %jmp/1 T_0.10, 6;
    %dup/vec4;
    %pushi/vec4 12, 0, 6;
    %cmp/u;
    %jmp/1 T_0.11, 6;
    %dup/vec4;
    %pushi/vec4 28, 0, 6;
    %cmp/u;
    %jmp/1 T_0.12, 6;
    %dup/vec4;
    %pushi/vec4 16, 0, 6;
    %cmp/u;
    %jmp/1 T_0.13, 6;
    %dup/vec4;
    %pushi/vec4 49, 0, 6;
    %cmp/u;
    %jmp/1 T_0.14, 6;
    %dup/vec4;
    %pushi/vec4 50, 0, 6;
    %cmp/u;
    %jmp/1 T_0.15, 6;
    %pushi/vec4 0, 0, 32;
    %store/vec4 v00000000042d5230_0, 0, 32;
    %jmp T_0.17;
T_0.0 ;
    %load/vec4 v00000000042d4fb0_0;
    %store/vec4 v00000000042d5230_0, 0, 32;
    %jmp T_0.17;
T_0.1 ;
    %load/vec4 v00000000042d5050_0;
    %store/vec4 v00000000042d5230_0, 0, 32;
    %jmp T_0.17;
T_0.2 ;
    %load/vec4 v00000000042d4fb0_0;
    %inv;
    %store/vec4 v00000000042d5230_0, 0, 32;
    %jmp T_0.17;
T_0.3 ;
    %load/vec4 v00000000042d5050_0;
    %inv;
    %store/vec4 v00000000042d5230_0, 0, 32;
    %jmp T_0.17;
T_0.4 ;
    %load/vec4 v00000000042d4fb0_0;
    %load/vec4 v00000000042d5050_0;
    %add;
    %store/vec4 v00000000042d5230_0, 0, 32;
    %jmp T_0.17;
T_0.5 ;
    %load/vec4 v00000000042d4fb0_0;
    %load/vec4 v00000000042d5050_0;
    %add;
    %addi 1, 0, 32;
    %store/vec4 v00000000042d5230_0, 0, 32;
    %jmp T_0.17;
T_0.6 ;
    %load/vec4 v00000000042d4fb0_0;
    %addi 1, 0, 32;
    %store/vec4 v00000000042d5230_0, 0, 32;
    %jmp T_0.17;
T_0.7 ;
    %load/vec4 v00000000042d5050_0;
    %addi 1, 0, 32;
    %store/vec4 v00000000042d5230_0, 0, 32;
    %jmp T_0.17;
T_0.8 ;
    %load/vec4 v00000000042d5050_0;
    %load/vec4 v00000000042d4fb0_0;
    %sub;
    %store/vec4 v00000000042d5230_0, 0, 32;
    %jmp T_0.17;
T_0.9 ;
    %load/vec4 v00000000042d5050_0;
    %subi 1, 0, 32;
    %store/vec4 v00000000042d5230_0, 0, 32;
    %jmp T_0.17;
T_0.10 ;
    %load/vec4 v00000000042d4fb0_0;
    %inv;
    %pushi/vec4 1, 0, 32;
    %add;
    %store/vec4 v00000000042d5230_0, 0, 32;
    %jmp T_0.17;
T_0.11 ;
    %load/vec4 v00000000042d4fb0_0;
    %load/vec4 v00000000042d5050_0;
    %and;
    %store/vec4 v00000000042d5230_0, 0, 32;
    %jmp T_0.17;
T_0.12 ;
    %load/vec4 v00000000042d4fb0_0;
    %load/vec4 v00000000042d5050_0;
    %or;
    %store/vec4 v00000000042d5230_0, 0, 32;
    %jmp T_0.17;
T_0.13 ;
    %pushi/vec4 0, 0, 32;
    %store/vec4 v00000000042d5230_0, 0, 32;
    %jmp T_0.17;
T_0.14 ;
    %pushi/vec4 1, 0, 32;
    %store/vec4 v00000000042d5230_0, 0, 32;
    %jmp T_0.17;
T_0.15 ;
    %pushi/vec4 4294967295, 0, 32;
    %store/vec4 v00000000042d5230_0, 0, 32;
    %jmp T_0.17;
T_0.17 ;
    %pop/vec4 1;
    %load/vec4 v00000000042d5230_0;
    %cmpi/e 0, 0, 32;
    %jmp/0xz  T_0.18, 4;
    %pushi/vec4 1, 0, 1;
    %store/vec4 v00000000042ee380_0, 0, 1;
    %jmp T_0.19;
T_0.18 ;
    %pushi/vec4 0, 0, 1;
    %store/vec4 v00000000042ee380_0, 0, 1;
T_0.19 ;
    %load/vec4 v00000000042d5230_0;
    %parti/s 1, 31, 6;
    %cmpi/e 1, 0, 1;
    %jmp/0xz  T_0.20, 4;
    %pushi/vec4 1, 0, 1;
    %store/vec4 v00000000042d50f0_0, 0, 1;
    %jmp T_0.21;
T_0.20 ;
    %pushi/vec4 0, 0, 1;
    %store/vec4 v00000000042d50f0_0, 0, 1;
T_0.21 ;
    %load/vec4 v00000000042d5190_0;
    %dup/vec4;
    %pushi/vec4 2, 0, 2;
    %cmp/u;
    %jmp/1 T_0.22, 6;
    %dup/vec4;
    %pushi/vec4 1, 0, 2;
    %cmp/u;
    %jmp/1 T_0.23, 6;
    %load/vec4 v00000000042d5230_0;
    %store/vec4 v00000000042d4f10_0, 0, 32;
    %jmp T_0.25;
T_0.22 ;
    %load/vec4 v00000000042d5230_0;
    %ix/load 4, 1, 0;
    %flag_set/imm 4, 0;
    %shiftr 4;
    %store/vec4 v00000000042d4f10_0, 0, 32;
    %jmp T_0.25;
T_0.23 ;
    %load/vec4 v00000000042d5230_0;
    %ix/load 4, 8, 0;
    %flag_set/imm 4, 0;
    %shiftl 4;
    %store/vec4 v00000000042d4f10_0, 0, 32;
    %jmp T_0.25;
T_0.25 ;
    %pop/vec4 1;
    %jmp T_0;
    .thread T_0, $push;
    .scope S_00000000042ee420;
T_1 ;
    %wait E_00000000043074f0;
    %load/vec4 v0000000004365120_0;
    %dup/vec4;
    %pushi/vec4 0, 0, 4;
    %cmp/u;
    %jmp/1 T_1.0, 6;
    %dup/vec4;
    %pushi/vec4 1, 0, 4;
    %cmp/u;
    %jmp/1 T_1.1, 6;
    %dup/vec4;
    %pushi/vec4 2, 0, 4;
    %cmp/u;
    %jmp/1 T_1.2, 6;
    %dup/vec4;
    %pushi/vec4 3, 0, 4;
    %cmp/u;
    %jmp/1 T_1.3, 6;
    %dup/vec4;
    %pushi/vec4 4, 0, 4;
    %cmp/u;
    %jmp/1 T_1.4, 6;
    %dup/vec4;
    %pushi/vec4 5, 0, 4;
    %cmp/u;
    %jmp/1 T_1.5, 6;
    %dup/vec4;
    %pushi/vec4 6, 0, 4;
    %cmp/u;
    %jmp/1 T_1.6, 6;
    %dup/vec4;
    %pushi/vec4 7, 0, 4;
    %cmp/u;
    %jmp/1 T_1.7, 6;
    %dup/vec4;
    %pushi/vec4 8, 0, 4;
    %cmp/u;
    %jmp/1 T_1.8, 6;
    %pushi/vec4 0, 0, 9;
    %store/vec4 v0000000004365760_0, 0, 9;
    %jmp T_1.10;
T_1.0 ;
    %pushi/vec4 1, 0, 9;
    %store/vec4 v0000000004365760_0, 0, 9;
    %jmp T_1.10;
T_1.1 ;
    %pushi/vec4 2, 0, 9;
    %store/vec4 v0000000004365760_0, 0, 9;
    %jmp T_1.10;
T_1.2 ;
    %pushi/vec4 4, 0, 9;
    %store/vec4 v0000000004365760_0, 0, 9;
    %jmp T_1.10;
T_1.3 ;
    %pushi/vec4 8, 0, 9;
    %store/vec4 v0000000004365760_0, 0, 9;
    %jmp T_1.10;
T_1.4 ;
    %pushi/vec4 16, 0, 9;
    %store/vec4 v0000000004365760_0, 0, 9;
    %jmp T_1.10;
T_1.5 ;
    %pushi/vec4 32, 0, 9;
    %store/vec4 v0000000004365760_0, 0, 9;
    %jmp T_1.10;
T_1.6 ;
    %pushi/vec4 64, 0, 9;
    %store/vec4 v0000000004365760_0, 0, 9;
    %jmp T_1.10;
T_1.7 ;
    %pushi/vec4 128, 0, 9;
    %store/vec4 v0000000004365760_0, 0, 9;
    %jmp T_1.10;
T_1.8 ;
    %pushi/vec4 256, 0, 9;
    %store/vec4 v0000000004365760_0, 0, 9;
    %jmp T_1.10;
T_1.10 ;
    %pop/vec4 1;
    %jmp T_1;
    .thread T_1, $push;
    .scope S_00000000042ee420;
T_2 ;
    %wait E_00000000043079f0;
    %load/vec4 v0000000004365c60_0;
    %store/vec4 v00000000042ee5a0_0, 0, 32;
    %load/vec4 v0000000004365760_0;
    %dup/vec4;
    %pushi/vec4 1, 0, 9;
    %cmp/u;
    %jmp/1 T_2.0, 6;
    %dup/vec4;
    %pushi/vec4 2, 0, 9;
    %cmp/u;
    %jmp/1 T_2.1, 6;
    %dup/vec4;
    %pushi/vec4 4, 0, 9;
    %cmp/u;
    %jmp/1 T_2.2, 6;
    %dup/vec4;
    %pushi/vec4 8, 0, 9;
    %cmp/u;
    %jmp/1 T_2.3, 6;
    %dup/vec4;
    %pushi/vec4 16, 0, 9;
    %cmp/u;
    %jmp/1 T_2.4, 6;
    %dup/vec4;
    %pushi/vec4 32, 0, 9;
    %cmp/u;
    %jmp/1 T_2.5, 6;
    %dup/vec4;
    %pushi/vec4 64, 0, 9;
    %cmp/u;
    %jmp/1 T_2.6, 6;
    %dup/vec4;
    %pushi/vec4 128, 0, 9;
    %cmp/u;
    %jmp/1 T_2.7, 6;
    %dup/vec4;
    %pushi/vec4 256, 0, 9;
    %cmp/u;
    %jmp/1 T_2.8, 6;
    %jmp T_2.9;
T_2.0 ;
    %load/vec4 v0000000004365b20_0;
    %store/vec4 v0000000004365da0_0, 0, 32;
    %jmp T_2.9;
T_2.1 ;
    %load/vec4 v0000000004365ee0_0;
    %store/vec4 v0000000004365da0_0, 0, 32;
    %jmp T_2.9;
T_2.2 ;
    %load/vec4 v00000000043658a0_0;
    %store/vec4 v0000000004365da0_0, 0, 32;
    %jmp T_2.9;
T_2.3 ;
    %load/vec4 v00000000043658a0_0;
    %store/vec4 v0000000004365da0_0, 0, 32;
    %jmp T_2.9;
T_2.4 ;
    %load/vec4 v0000000004365300_0;
    %store/vec4 v0000000004365da0_0, 0, 32;
    %jmp T_2.9;
T_2.5 ;
    %load/vec4 v0000000004365800_0;
    %store/vec4 v0000000004365da0_0, 0, 32;
    %jmp T_2.9;
T_2.6 ;
    %load/vec4 v00000000043651c0_0;
    %store/vec4 v0000000004365da0_0, 0, 32;
    %jmp T_2.9;
T_2.7 ;
    %load/vec4 v0000000004365a80_0;
    %store/vec4 v0000000004365da0_0, 0, 32;
    %jmp T_2.9;
T_2.8 ;
    %load/vec4 v0000000004365940_0;
    %store/vec4 v0000000004365da0_0, 0, 32;
    %jmp T_2.9;
T_2.9 ;
    %pop/vec4 1;
    %jmp T_2;
    .thread T_2, $push;
    .scope S_00000000042ee420;
T_3 ;
    %wait E_0000000004307b30;
    %load/vec4 v0000000004365580_0;
    %pad/u 32;
    %cmpi/e 1, 0, 32;
    %jmp/0xz  T_3.0, 4;
    %pushi/vec4 0, 0, 32;
    %assign/vec4 v0000000004365260_0, 0;
    %pushi/vec4 0, 0, 32;
    %assign/vec4 v0000000004365b20_0, 0;
    %pushi/vec4 0, 0, 32;
    %assign/vec4 v0000000004365ee0_0, 0;
    %pushi/vec4 0, 0, 32;
    %assign/vec4 v00000000043658a0_0, 0;
    %pushi/vec4 0, 0, 32;
    %assign/vec4 v0000000004365300_0, 0;
    %pushi/vec4 0, 0, 32;
    %assign/vec4 v0000000004365800_0, 0;
    %pushi/vec4 0, 0, 32;
    %assign/vec4 v00000000043651c0_0, 0;
    %pushi/vec4 0, 0, 32;
    %assign/vec4 v0000000004365a80_0, 0;
    %pushi/vec4 0, 0, 32;
    %assign/vec4 v0000000004365940_0, 0;
    %pushi/vec4 0, 0, 32;
    %assign/vec4 v0000000004365c60_0, 0;
    %jmp T_3.1;
T_3.0 ;
    %load/vec4 v0000000004365bc0_0;
    %parti/s 1, 0, 2;
    %flag_set/vec4 8;
    %jmp/0xz  T_3.2, 8;
    %load/vec4 v0000000004365d00_0;
    %store/vec4 v0000000004365260_0, 0, 32;
T_3.2 ;
    %load/vec4 v0000000004365bc0_0;
    %parti/s 1, 1, 2;
    %flag_set/vec4 8;
    %jmp/0xz  T_3.4, 8;
    %load/vec4 v0000000004365d00_0;
    %store/vec4 v0000000004365b20_0, 0, 32;
T_3.4 ;
    %load/vec4 v0000000004365bc0_0;
    %parti/s 1, 2, 3;
    %flag_set/vec4 8;
    %jmp/0xz  T_3.6, 8;
    %load/vec4 v0000000004365d00_0;
    %store/vec4 v0000000004365ee0_0, 0, 32;
T_3.6 ;
    %load/vec4 v0000000004365bc0_0;
    %parti/s 1, 3, 3;
    %flag_set/vec4 8;
    %jmp/0xz  T_3.8, 8;
    %load/vec4 v0000000004365d00_0;
    %store/vec4 v0000000004365300_0, 0, 32;
T_3.8 ;
    %load/vec4 v0000000004365bc0_0;
    %parti/s 1, 4, 4;
    %flag_set/vec4 8;
    %jmp/0xz  T_3.10, 8;
    %load/vec4 v0000000004365d00_0;
    %store/vec4 v0000000004365800_0, 0, 32;
T_3.10 ;
    %load/vec4 v0000000004365bc0_0;
    %parti/s 1, 5, 4;
    %flag_set/vec4 8;
    %jmp/0xz  T_3.12, 8;
    %load/vec4 v0000000004365d00_0;
    %store/vec4 v00000000043651c0_0, 0, 32;
T_3.12 ;
    %load/vec4 v0000000004365bc0_0;
    %parti/s 1, 6, 4;
    %flag_set/vec4 8;
    %jmp/0xz  T_3.14, 8;
    %load/vec4 v0000000004365d00_0;
    %store/vec4 v0000000004365a80_0, 0, 32;
T_3.14 ;
    %load/vec4 v0000000004365bc0_0;
    %parti/s 1, 7, 4;
    %flag_set/vec4 8;
    %jmp/0xz  T_3.16, 8;
    %load/vec4 v0000000004365d00_0;
    %store/vec4 v0000000004365940_0, 0, 32;
T_3.16 ;
    %load/vec4 v0000000004365bc0_0;
    %parti/s 1, 8, 5;
    %flag_set/vec4 8;
    %jmp/0xz  T_3.18, 8;
    %load/vec4 v0000000004365d00_0;
    %store/vec4 v0000000004365c60_0, 0, 32;
T_3.18 ;
T_3.1 ;
    %jmp T_3;
    .thread T_3;
    .scope S_000000000430ae00;
T_4 ;
    %pushi/vec4 1, 0, 1;
    %store/vec4 v0000000004367210_0, 0, 1;
    %pushi/vec4 1, 0, 1;
    %store/vec4 v00000000043677b0_0, 0, 1;
T_4.0 ;
    %delay 500000, 0;
    %load/vec4 v0000000004367210_0;
    %inv;
    %store/vec4 v0000000004367210_0, 0, 1;
    %jmp T_4.0;
    %end;
    .thread T_4;
    .scope S_000000000430ae00;
T_5 ;
    %wait E_00000000043078f0;
    %pushi/vec4 1, 0, 1;
    %store/vec4 v00000000043677b0_0, 0, 1;
    %wait E_0000000004307b30;
    %vpi_call 2 29 "$display", " cout = %d", v00000000043678f0_0 {0 0 0};
    %pushi/vec4 49, 0, 8;
    %store/vec4 v0000000004367850_0, 0, 8;
    %vpi_call 2 31 "$display", " cout = %d", v00000000043678f0_0 {0 0 0};
    %end;
    .thread T_5;
# The file index is used to find the file name in the following table.
:file_names 6;
    "N/A";
    "<interactive>";
    "SAMPLE_TEST.v";
    "INSTRUCTION_CONNECTION.v";
    "ALU.v";
    "REGESTERBANK.v";
